This file contains any messages produced by compilers while
running configure, to aid debugging if configure makes a mistake.

It was created by libmicrohttpd configure 0.9.16, which was
generated by GNU Autoconf 2.68.  Invocation command line was

  $ ./configure CFLAGS=-arch i386

## --------- ##
## Platform. ##
## --------- ##

hostname = Thomass-MacBook-Pro.local
uname -m = x86_64
uname -r = 13.0.0
uname -s = Darwin
uname -v = Darwin Kernel Version 13.0.0: Thu Sep 19 22:22:27 PDT 2013; root:xnu-2422.1.72~6/RELEASE_X86_64

/usr/bin/uname -p = i386
/bin/uname -X     = unknown

/bin/arch              = unknown
/usr/bin/arch -k       = unknown
/usr/convex/getsysinfo = unknown
/usr/bin/hostinfo      = Mach kernel version:
	 Darwin Kernel Version 13.0.0: Thu Sep 19 22:22:27 PDT 2013; root:xnu-2422.1.72~6/RELEASE_X86_64
Kernel configured for up to 8 processors.
4 processors are physically available.
8 processors are logically available.
Processor type: i486 (Intel 80486)
Processors active: 0 1 2 3 4 5 6 7
Primary memory available: 8.00 gigabytes
Default processor set: 232 tasks, 1222 threads, 8 processors
Load average: 2.98, Mach factor: 5.19
/bin/machine           = unknown
/usr/bin/oslevel       = unknown
/bin/universe          = unknown

PATH: /opt/local/bin
PATH: /opt/local/sbin
PATH: /usr/bin
PATH: /bin
PATH: /usr/sbin
PATH: /sbin
PATH: /usr/local/bin
PATH: /opt/X11/bin
PATH: /usr/local/git/bin
PATH: /usr/texbin
PATH: /opt/local/bin


## ----------- ##
## Core tests. ##
## ----------- ##

configure:2343: checking for a BSD-compatible install
configure:2411: result: /usr/bin/install -c
configure:2422: checking whether build environment is sane
configure:2472: result: yes
configure:2613: checking for a thread-safe mkdir -p
configure:2652: result: ./install-sh -c -d
configure:2665: checking for gawk
configure:2695: result: no
configure:2665: checking for mawk
configure:2695: result: no
configure:2665: checking for nawk
configure:2695: result: no
configure:2665: checking for awk
configure:2681: found /usr/bin/awk
configure:2692: result: awk
configure:2703: checking whether make sets $(MAKE)
configure:2725: result: yes
configure:2842: checking for gawk
configure:2869: result: awk
configure:2881: checking whether ln -s works
configure:2885: result: yes
configure:2892: checking whether make sets $(MAKE)
configure:2914: result: yes
configure:2927: checking build system type
configure:2941: result: x86_64-apple-darwin13.0.0
configure:2961: checking host system type
configure:2974: result: x86_64-apple-darwin13.0.0
configure:3006: checking for style of include used by make
configure:3034: result: GNU
configure:3104: checking for gcc
configure:3120: found /usr/bin/gcc
configure:3131: result: gcc
configure:3360: checking for C compiler version
configure:3369: gcc --version >&5
i686-apple-darwin11-llvm-gcc-4.2 (GCC) 4.2.1 (Based on Apple Inc. build 5658) (LLVM build 2336.11.00)
Copyright (C) 2007 Free Software Foundation, Inc.
This is free software; see the source for copying conditions.  There is NO
warranty; not even for MERCHANTABILITY or FITNESS FOR A PARTICULAR PURPOSE.

configure:3380: $? = 0
configure:3369: gcc -v >&5
Using built-in specs.
Target: i686-apple-darwin11
Configured with: /private/var/tmp/llvmgcc42/llvmgcc42-2336.11~182/src/configure --disable-checking --enable-werror --prefix=/Applications/Xcode.app/Contents/Developer/usr/llvm-gcc-4.2 --mandir=/share/man --enable-languages=c,objc,c++,obj-c++ --program-prefix=llvm- --program-transform-name=/^[cg][^.-]*$/s/$/-4.2/ --with-slibdir=/usr/lib --build=i686-apple-darwin11 --enable-llvm=/private/var/tmp/llvmgcc42/llvmgcc42-2336.11~182/dst-llvmCore/Developer/usr/local --program-prefix=i686-apple-darwin11- --host=x86_64-apple-darwin11 --target=i686-apple-darwin11 --with-gxx-include-dir=/usr/include/c++/4.2.1
Thread model: posix
gcc version 4.2.1 (Based on Apple Inc. build 5658) (LLVM build 2336.11.00)
configure:3380: $? = 0
configure:3369: gcc -V >&5
llvm-gcc-4.2: argument to `-V' is missing
configure:3380: $? = 1
configure:3369: gcc -qversion >&5
i686-apple-darwin11-llvm-gcc-4.2: no input files
configure:3380: $? = 1
configure:3400: checking whether the C compiler works
configure:3422: gcc -arch i386   conftest.c  >&5
configure:3426: $? = 0
configure:3474: result: yes
configure:3477: checking for C compiler default output file name
configure:3479: result: a.out
configure:3485: checking for suffix of executables
configure:3492: gcc -o conftest -arch i386   conftest.c  >&5
configure:3496: $? = 0
configure:3518: result: 
configure:3540: checking whether we are cross compiling
configure:3548: gcc -o conftest -arch i386   conftest.c  >&5
configure:3552: $? = 0
configure:3559: ./conftest
configure:3563: $? = 0
configure:3578: result: no
configure:3583: checking for suffix of object files
configure:3605: gcc -c -arch i386  conftest.c >&5
configure:3609: $? = 0
configure:3630: result: o
configure:3634: checking whether we are using the GNU C compiler
configure:3653: gcc -c -arch i386  conftest.c >&5
configure:3653: $? = 0
configure:3662: result: yes
configure:3671: checking whether gcc accepts -g
configure:3691: gcc -c -g  conftest.c >&5
configure:3691: $? = 0
configure:3732: result: yes
configure:3749: checking for gcc option to accept ISO C89
configure:3813: gcc  -c -arch i386  conftest.c >&5
configure:3813: $? = 0
configure:3826: result: none needed
configure:3848: checking dependency style of gcc
configure:3958: result: gcc3
configure:3974: checking whether gcc and cc understand -c and -o together
configure:4005: gcc -c conftest.c -o conftest2.o >&5
configure:4009: $? = 0
configure:4015: gcc -c conftest.c -o conftest2.o >&5
configure:4019: $? = 0
configure:4030: cc -c conftest.c >&5
configure:4034: $? = 0
configure:4042: cc -c conftest.c -o conftest2.o >&5
configure:4046: $? = 0
configure:4052: cc -c conftest.c -o conftest2.o >&5
configure:4056: $? = 0
configure:4074: result: yes
configure:4448: checking how to print strings
configure:4475: result: printf
configure:4496: checking for a sed that does not truncate output
configure:4560: result: /opt/local/bin/gsed
configure:4578: checking for grep that handles long lines and -e
configure:4636: result: /usr/bin/grep
configure:4641: checking for egrep
configure:4703: result: /usr/bin/grep -E
configure:4708: checking for fgrep
configure:4770: result: /usr/bin/grep -F
configure:4805: checking for ld used by gcc
configure:4872: result: /Applications/Xcode.app/Contents/Developer/usr/llvm-gcc-4.2/libexec/gcc/i686-apple-darwin11/4.2.1/ld
configure:4879: checking if the linker (/Applications/Xcode.app/Contents/Developer/usr/llvm-gcc-4.2/libexec/gcc/i686-apple-darwin11/4.2.1/ld) is GNU ld
configure:4894: result: no
configure:4906: checking for BSD- or MS-compatible name lister (nm)
configure:4955: result: /usr/bin/nm
configure:5085: checking the name lister (/usr/bin/nm) interface
configure:5092: gcc -c -arch i386  conftest.c >&5
configure:5095: /usr/bin/nm "conftest.o"
configure:5098: output
00000000 S _some_variable
configure:5105: result: BSD nm
configure:5109: checking the maximum length of command line arguments
configure:5234: result: 196608
configure:5251: checking whether the shell understands some XSI constructs
configure:5261: result: yes
configure:5265: checking whether the shell understands "+="
configure:5271: result: yes
configure:5306: checking how to convert x86_64-apple-darwin13.0.0 file names to x86_64-apple-darwin13.0.0 format
configure:5346: result: func_convert_file_noop
configure:5353: checking how to convert x86_64-apple-darwin13.0.0 file names to toolchain format
configure:5373: result: func_convert_file_noop
configure:5380: checking for /Applications/Xcode.app/Contents/Developer/usr/llvm-gcc-4.2/libexec/gcc/i686-apple-darwin11/4.2.1/ld option to reload object files
configure:5387: result: -r
configure:5461: checking for objdump
configure:5488: result: objdump
configure:5517: checking how to recognize dependent libraries
configure:5719: result: pass_all
configure:5804: checking for dlltool
configure:5831: result: dlltool
configure:5861: checking how to associate runtime and link libraries
configure:5888: result: printf %s\n
configure:5949: checking for ar
configure:5965: found /usr/bin/ar
configure:5976: result: ar
configure:6013: checking for archiver @FILE support
configure:6030: gcc -c -arch i386  conftest.c >&5
configure:6030: $? = 0
configure:6033: ar cru libconftest.a @conftest.lst >&5
ar: @conftest.lst: No such file or directory
configure:6036: $? = 1
configure:6056: result: no
configure:6114: checking for strip
configure:6130: found /usr/bin/strip
configure:6141: result: strip
configure:6213: checking for ranlib
configure:6229: found /usr/bin/ranlib
configure:6240: result: ranlib
configure:6342: checking command to parse /usr/bin/nm output from gcc object
configure:6461: gcc -c -arch i386  conftest.c >&5
configure:6464: $? = 0
configure:6468: /usr/bin/nm conftest.o \| sed -n -e 's/^.*[ ]\([BCDEGRST][BCDEGRST]*\)[ ][ ]*\([_A-Za-z][_A-Za-z0-9]*\)$/\1 \2 \2/p' | sed '/ __gnu_lto/d' \> conftest.nm
configure:6471: $? = 0
cannot find nm_test_var in conftest.nm
configure:6461: gcc -c -arch i386  conftest.c >&5
configure:6464: $? = 0
configure:6468: /usr/bin/nm conftest.o \| sed -n -e 's/^.*[ ]\([BCDEGRST][BCDEGRST]*\)[ ][ ]*_\([_A-Za-z][_A-Za-z0-9]*\)$/\1 _\2 \2/p' | sed '/ __gnu_lto/d' \> conftest.nm
configure:6471: $? = 0
configure:6537: gcc -o conftest -arch i386   conftest.c conftstm.o >&5
configure:6540: $? = 0
configure:6578: result: ok
configure:6615: checking for sysroot
configure:6645: result: no
configure:6888: checking for mt
configure:6918: result: no
configure:6938: checking if : is a manifest tool
configure:6944: : '-?'
configure:6952: result: no
configure:7008: checking for dsymutil
configure:7024: found /usr/bin/dsymutil
configure:7035: result: dsymutil
configure:7100: checking for nmedit
configure:7116: found /usr/bin/nmedit
configure:7127: result: nmedit
configure:7192: checking for lipo
configure:7208: found /usr/bin/lipo
configure:7219: result: lipo
configure:7284: checking for otool
configure:7300: found /usr/bin/otool
configure:7311: result: otool
configure:7376: checking for otool64
configure:7406: result: no
configure:7451: checking for -single_module linker flag
gcc -arch i386  -o libconftest.dylib -dynamiclib -Wl,-single_module conftest.c
configure:7478: result: yes
configure:7480: checking for -exported_symbols_list linker flag
configure:7500: gcc -o conftest -arch i386   -Wl,-exported_symbols_list,conftest.sym conftest.c  >&5
configure:7500: $? = 0
configure:7510: result: yes
configure:7512: checking for -force_load linker flag
gcc -arch i386 -c -o conftest.o conftest.c
ar cru libconftest.a conftest.o
ranlib libconftest.a
gcc -arch i386  -o conftest conftest.c -Wl,-force_load,./libconftest.a
configure:7542: result: yes
configure:7584: checking how to run the C preprocessor
configure:7615: gcc -E  conftest.c
configure:7615: $? = 0
configure:7629: gcc -E  conftest.c
conftest.c:11:28: error: ac_nonexistent.h: No such file or directory
configure:7629: $? = 1
configure: failed program was:
| /* confdefs.h */
| #define PACKAGE_NAME "libmicrohttpd"
| #define PACKAGE_TARNAME "libmicrohttpd"
| #define PACKAGE_VERSION "0.9.16"
| #define PACKAGE_STRING "libmicrohttpd 0.9.16"
| #define PACKAGE_BUGREPORT "libmicrohttpd@gnu.org"
| #define PACKAGE_URL ""
| #define PACKAGE "libmicrohttpd"
| #define VERSION "0.9.16"
| /* end confdefs.h.  */
| #include <ac_nonexistent.h>
configure:7654: result: gcc -E
configure:7674: gcc -E  conftest.c
configure:7674: $? = 0
configure:7688: gcc -E  conftest.c
conftest.c:11:28: error: ac_nonexistent.h: No such file or directory
configure:7688: $? = 1
configure: failed program was:
| /* confdefs.h */
| #define PACKAGE_NAME "libmicrohttpd"
| #define PACKAGE_TARNAME "libmicrohttpd"
| #define PACKAGE_VERSION "0.9.16"
| #define PACKAGE_STRING "libmicrohttpd 0.9.16"
| #define PACKAGE_BUGREPORT "libmicrohttpd@gnu.org"
| #define PACKAGE_URL ""
| #define PACKAGE "libmicrohttpd"
| #define VERSION "0.9.16"
| /* end confdefs.h.  */
| #include <ac_nonexistent.h>
configure:7717: checking for ANSI C header files
configure:7737: gcc -c -arch i386  conftest.c >&5
configure:7737: $? = 0
configure:7810: gcc -o conftest -arch i386   conftest.c  >&5
configure:7810: $? = 0
configure:7810: ./conftest
configure:7810: $? = 0
configure:7821: result: yes
configure:7834: checking for sys/types.h
configure:7834: gcc -c -arch i386  conftest.c >&5
configure:7834: $? = 0
configure:7834: result: yes
configure:7834: checking for sys/stat.h
configure:7834: gcc -c -arch i386  conftest.c >&5
configure:7834: $? = 0
configure:7834: result: yes
configure:7834: checking for stdlib.h
configure:7834: gcc -c -arch i386  conftest.c >&5
configure:7834: $? = 0
configure:7834: result: yes
configure:7834: checking for string.h
configure:7834: gcc -c -arch i386  conftest.c >&5
configure:7834: $? = 0
configure:7834: result: yes
configure:7834: checking for memory.h
configure:7834: gcc -c -arch i386  conftest.c >&5
configure:7834: $? = 0
configure:7834: result: yes
configure:7834: checking for strings.h
configure:7834: gcc -c -arch i386  conftest.c >&5
configure:7834: $? = 0
configure:7834: result: yes
configure:7834: checking for inttypes.h
configure:7834: gcc -c -arch i386  conftest.c >&5
configure:7834: $? = 0
configure:7834: result: yes
configure:7834: checking for stdint.h
configure:7834: gcc -c -arch i386  conftest.c >&5
configure:7834: $? = 0
configure:7834: result: yes
configure:7834: checking for unistd.h
configure:7834: gcc -c -arch i386  conftest.c >&5
configure:7834: $? = 0
configure:7834: result: yes
configure:7848: checking for dlfcn.h
configure:7848: gcc -c -arch i386  conftest.c >&5
configure:7848: $? = 0
configure:7848: result: yes
configure:8033: checking for objdir
configure:8048: result: .libs
configure:8319: checking if gcc supports -fno-rtti -fno-exceptions
configure:8337: gcc -c -arch i386  -fno-rtti -fno-exceptions conftest.c >&5
cc1: warning: command line option "-fno-rtti" is valid for C++/ObjC++ but not for C
configure:8341: $? = 0
configure:8354: result: no
configure:8664: checking for gcc option to produce PIC
configure:8671: result: -fno-common -DPIC
configure:8679: checking if gcc PIC flag -fno-common -DPIC works
configure:8697: gcc -c -arch i386  -fno-common -DPIC -DPIC conftest.c >&5
configure:8701: $? = 0
configure:8714: result: yes
configure:8743: checking if gcc static flag -static works
configure:8771: result: no
configure:8786: checking if gcc supports -c -o file.o
configure:8807: gcc -c -arch i386  -o out/conftest2.o conftest.c >&5
configure:8811: $? = 0
configure:8833: result: yes
configure:8841: checking if gcc supports -c -o file.o
configure:8888: result: yes
configure:8921: checking whether the gcc linker (/Applications/Xcode.app/Contents/Developer/usr/llvm-gcc-4.2/libexec/gcc/i686-apple-darwin11/4.2.1/ld) supports shared libraries
configure:10083: result: yes
configure:10328: checking dynamic linker characteristics
configure:11077: result: darwin13.0.0 dyld
configure:11184: checking how to hardcode library paths into programs
configure:11209: result: immediate
configure:11749: checking whether stripping libraries is possible
configure:11763: result: yes
configure:11789: checking if libtool supports shared libraries
configure:11791: result: yes
configure:11794: checking whether to build shared libraries
configure:11815: result: yes
configure:11818: checking whether to build static libraries
configure:11822: result: yes
configure:11857: checking whether byte ordering is bigendian
configure:11872: gcc -c -arch i386  conftest.c >&5
configure:11872: $? = 0
configure:11917: gcc -c -arch i386  conftest.c >&5
configure:11917: $? = 0
configure:11935: gcc -c -arch i386  conftest.c >&5
conftest.c: In function 'main':
conftest.c:30: error: 'not' undeclared (first use in this function)
conftest.c:30: error: (Each undeclared identifier is reported only once
conftest.c:30: error: for each function it appears in.)
conftest.c:30: error: expected ';' before 'big'
configure:11935: $? = 1
configure: failed program was:
| /* confdefs.h */
| #define PACKAGE_NAME "libmicrohttpd"
| #define PACKAGE_TARNAME "libmicrohttpd"
| #define PACKAGE_VERSION "0.9.16"
| #define PACKAGE_STRING "libmicrohttpd 0.9.16"
| #define PACKAGE_BUGREPORT "libmicrohttpd@gnu.org"
| #define PACKAGE_URL ""
| #define PACKAGE "libmicrohttpd"
| #define VERSION "0.9.16"
| #define STDC_HEADERS 1
| #define HAVE_SYS_TYPES_H 1
| #define HAVE_SYS_STAT_H 1
| #define HAVE_STDLIB_H 1
| #define HAVE_STRING_H 1
| #define HAVE_MEMORY_H 1
| #define HAVE_STRINGS_H 1
| #define HAVE_INTTYPES_H 1
| #define HAVE_STDINT_H 1
| #define HAVE_UNISTD_H 1
| #define HAVE_DLFCN_H 1
| #define LT_OBJDIR ".libs/"
| /* end confdefs.h.  */
| #include <sys/types.h>
| 		#include <sys/param.h>
| 
| int
| main ()
| {
| #if BYTE_ORDER != BIG_ENDIAN
| 		 not big endian
| 		#endif
| 
|   ;
|   return 0;
| }
configure:12063: result: no
configure:12083: checking for curl
configure:12099: found /opt/local/bin/curl
configure:12111: result: true
configure:12581: gcc -o conftest -no-cpp-precomp -fno-common -fno-strict-aliasing -arch i386   conftest.c  >&5
configure:12581: $? = 0
configure:12583: result: yes
configure:12759: checking fcntl.h usability
configure:12759: gcc -c -no-cpp-precomp -fno-common -fno-strict-aliasing -arch i386  conftest.c >&5
configure:12759: $? = 0
configure:12759: result: yes
configure:12759: checking fcntl.h presence
configure:12759: gcc -E  conftest.c
configure:12759: $? = 0
configure:12759: result: yes
configure:12759: checking for fcntl.h
configure:12759: result: yes
configure:12759: checking math.h usability
configure:12759: gcc -c -no-cpp-precomp -fno-common -fno-strict-aliasing -arch i386  conftest.c >&5
configure:12759: $? = 0
configure:12759: result: yes
configure:12759: checking math.h presence
configure:12759: gcc -E  conftest.c
configure:12759: $? = 0
configure:12759: result: yes
configure:12759: checking for math.h
configure:12759: result: yes
configure:12759: checking errno.h usability
configure:12759: gcc -c -no-cpp-precomp -fno-common -fno-strict-aliasing -arch i386  conftest.c >&5
configure:12759: $? = 0
configure:12759: result: yes
configure:12759: checking errno.h presence
configure:12759: gcc -E  conftest.c
configure:12759: $? = 0
configure:12759: result: yes
configure:12759: checking for errno.h
configure:12759: result: yes
configure:12759: checking limits.h usability
configure:12759: gcc -c -no-cpp-precomp -fno-common -fno-strict-aliasing -arch i386  conftest.c >&5
configure:12759: $? = 0
configure:12759: result: yes
configure:12759: checking limits.h presence
configure:12759: gcc -E  conftest.c
configure:12759: $? = 0
configure:12759: result: yes
configure:12759: checking for limits.h
configure:12759: result: yes
configure:12759: checking stdio.h usability
configure:12759: gcc -c -no-cpp-precomp -fno-common -fno-strict-aliasing -arch i386  conftest.c >&5
configure:12759: $? = 0
configure:12759: result: yes
configure:12759: checking stdio.h presence
configure:12759: gcc -E  conftest.c
configure:12759: $? = 0
configure:12759: result: yes
configure:12759: checking for stdio.h
configure:12759: result: yes
configure:12759: checking locale.h usability
configure:12759: gcc -c -no-cpp-precomp -fno-common -fno-strict-aliasing -arch i386  conftest.c >&5
configure:12759: $? = 0
configure:12759: result: yes
configure:12759: checking locale.h presence
configure:12759: gcc -E  conftest.c
configure:12759: $? = 0
configure:12759: result: yes
configure:12759: checking for locale.h
configure:12759: result: yes
configure:12759: checking for sys/stat.h
configure:12759: result: yes
configure:12759: checking for sys/types.h
configure:12759: result: yes
configure:12759: checking pthread.h usability
configure:12759: gcc -c -no-cpp-precomp -fno-common -fno-strict-aliasing -arch i386  conftest.c >&5
configure:12759: $? = 0
configure:12759: result: yes
configure:12759: checking pthread.h presence
configure:12759: gcc -E  conftest.c
configure:12759: $? = 0
configure:12759: result: yes
configure:12759: checking for pthread.h
configure:12759: result: yes
configure:12776: checking for sys/types.h
configure:12776: result: yes
configure:12776: checking sys/time.h usability
configure:12776: gcc -c -no-cpp-precomp -fno-common -fno-strict-aliasing -arch i386  conftest.c >&5
configure:12776: $? = 0
configure:12776: result: yes
configure:12776: checking sys/time.h presence
configure:12776: gcc -E  conftest.c
configure:12776: $? = 0
configure:12776: result: yes
configure:12776: checking for sys/time.h
configure:12776: result: yes
configure:12776: checking sys/msg.h usability
configure:12776: gcc -c -no-cpp-precomp -fno-common -fno-strict-aliasing -arch i386  conftest.c >&5
configure:12776: $? = 0
configure:12776: result: yes
configure:12776: checking sys/msg.h presence
configure:12776: gcc -E  conftest.c
configure:12776: $? = 0
configure:12776: result: yes
configure:12776: checking for sys/msg.h
configure:12776: result: yes
configure:12776: checking netdb.h usability
configure:12776: gcc -c -no-cpp-precomp -fno-common -fno-strict-aliasing -arch i386  conftest.c >&5
configure:12776: $? = 0
configure:12776: result: yes
configure:12776: checking netdb.h presence
configure:12776: gcc -E  conftest.c
configure:12776: $? = 0
configure:12776: result: yes
configure:12776: checking for netdb.h
configure:12776: result: yes
configure:12776: checking netinet/in.h usability
configure:12776: gcc -c -no-cpp-precomp -fno-common -fno-strict-aliasing -arch i386  conftest.c >&5
configure:12776: $? = 0
configure:12776: result: yes
configure:12776: checking netinet/in.h presence
configure:12776: gcc -E  conftest.c
configure:12776: $? = 0
configure:12776: result: yes
configure:12776: checking for netinet/in.h
configure:12776: result: yes
configure:12776: checking netinet/tcp.h usability
configure:12776: gcc -c -no-cpp-precomp -fno-common -fno-strict-aliasing -arch i386  conftest.c >&5
configure:12776: $? = 0
configure:12776: result: yes
configure:12776: checking netinet/tcp.h presence
configure:12776: gcc -E  conftest.c
configure:12776: $? = 0
configure:12776: result: yes
configure:12776: checking for netinet/tcp.h
configure:12776: result: yes
configure:12776: checking time.h usability
configure:12776: gcc -c -no-cpp-precomp -fno-common -fno-strict-aliasing -arch i386  conftest.c >&5
configure:12776: $? = 0
configure:12776: result: yes
configure:12776: checking time.h presence
configure:12776: gcc -E  conftest.c
configure:12776: $? = 0
configure:12776: result: yes
configure:12776: checking for time.h
configure:12776: result: yes
configure:12776: checking sys/socket.h usability
configure:12776: gcc -c -no-cpp-precomp -fno-common -fno-strict-aliasing -arch i386  conftest.c >&5
configure:12776: $? = 0
configure:12776: result: yes
configure:12776: checking sys/socket.h presence
configure:12776: gcc -E  conftest.c
configure:12776: $? = 0
configure:12776: result: yes
configure:12776: checking for sys/socket.h
configure:12776: result: yes
configure:12776: checking sys/mman.h usability
configure:12776: gcc -c -no-cpp-precomp -fno-common -fno-strict-aliasing -arch i386  conftest.c >&5
configure:12776: $? = 0
configure:12776: result: yes
configure:12776: checking sys/mman.h presence
configure:12776: gcc -E  conftest.c
configure:12776: $? = 0
configure:12776: result: yes
configure:12776: checking for sys/mman.h
configure:12776: result: yes
configure:12776: checking arpa/inet.h usability
configure:12776: gcc -c -no-cpp-precomp -fno-common -fno-strict-aliasing -arch i386  conftest.c >&5
configure:12776: $? = 0
configure:12776: result: yes
configure:12776: checking arpa/inet.h presence
configure:12776: gcc -E  conftest.c
configure:12776: $? = 0
configure:12776: result: yes
configure:12776: checking for arpa/inet.h
configure:12776: result: yes
configure:12776: checking sys/select.h usability
configure:12776: gcc -c -no-cpp-precomp -fno-common -fno-strict-aliasing -arch i386  conftest.c >&5
configure:12776: $? = 0
configure:12776: result: yes
configure:12776: checking sys/select.h presence
configure:12776: gcc -E  conftest.c
configure:12776: $? = 0
configure:12776: result: yes
configure:12776: checking for sys/select.h
configure:12776: result: yes
configure:12776: checking poll.h usability
configure:12776: gcc -c -no-cpp-precomp -fno-common -fno-strict-aliasing -arch i386  conftest.c >&5
configure:12776: $? = 0
configure:12776: result: yes
configure:12776: checking poll.h presence
configure:12776: gcc -E  conftest.c
configure:12776: $? = 0
configure:12776: result: yes
configure:12776: checking for poll.h
configure:12776: result: yes
configure:12776: checking winsock2.h usability
configure:12776: gcc -c -no-cpp-precomp -fno-common -fno-strict-aliasing -arch i386  conftest.c >&5
conftest.c:78:22: error: winsock2.h: No such file or directory
configure:12776: $? = 1
configure: failed program was:
| /* confdefs.h */
| #define PACKAGE_NAME "libmicrohttpd"
| #define PACKAGE_TARNAME "libmicrohttpd"
| #define PACKAGE_VERSION "0.9.16"
| #define PACKAGE_STRING "libmicrohttpd 0.9.16"
| #define PACKAGE_BUGREPORT "libmicrohttpd@gnu.org"
| #define PACKAGE_URL ""
| #define PACKAGE "libmicrohttpd"
| #define VERSION "0.9.16"
| #define STDC_HEADERS 1
| #define HAVE_SYS_TYPES_H 1
| #define HAVE_SYS_STAT_H 1
| #define HAVE_STDLIB_H 1
| #define HAVE_STRING_H 1
| #define HAVE_MEMORY_H 1
| #define HAVE_STRINGS_H 1
| #define HAVE_INTTYPES_H 1
| #define HAVE_STDINT_H 1
| #define HAVE_UNISTD_H 1
| #define HAVE_DLFCN_H 1
| #define LT_OBJDIR ".libs/"
| #define OSX 1
| #define HAVE_FCNTL_H 1
| #define HAVE_MATH_H 1
| #define HAVE_ERRNO_H 1
| #define HAVE_LIMITS_H 1
| #define HAVE_STDIO_H 1
| #define HAVE_LOCALE_H 1
| #define HAVE_SYS_STAT_H 1
| #define HAVE_SYS_TYPES_H 1
| #define HAVE_PTHREAD_H 1
| #define HAVE_SYS_TYPES_H 1
| #define HAVE_SYS_TIME_H 1
| #define HAVE_SYS_MSG_H 1
| #define HAVE_NETDB_H 1
| #define HAVE_NETINET_IN_H 1
| #define HAVE_NETINET_TCP_H 1
| #define HAVE_TIME_H 1
| #define HAVE_SYS_SOCKET_H 1
| #define HAVE_SYS_MMAN_H 1
| #define HAVE_ARPA_INET_H 1
| #define HAVE_SYS_SELECT_H 1
| #define HAVE_POLL_H 1
| /* end confdefs.h.  */
| #include <stdio.h>
| #ifdef HAVE_SYS_TYPES_H
| # include <sys/types.h>
| #endif
| #ifdef HAVE_SYS_STAT_H
| # include <sys/stat.h>
| #endif
| #ifdef STDC_HEADERS
| # include <stdlib.h>
| # include <stddef.h>
| #else
| # ifdef HAVE_STDLIB_H
| #  include <stdlib.h>
| # endif
| #endif
| #ifdef HAVE_STRING_H
| # if !defined STDC_HEADERS && defined HAVE_MEMORY_H
| #  include <memory.h>
| # endif
| # include <string.h>
| #endif
| #ifdef HAVE_STRINGS_H
| # include <strings.h>
| #endif
| #ifdef HAVE_INTTYPES_H
| # include <inttypes.h>
| #endif
| #ifdef HAVE_STDINT_H
| # include <stdint.h>
| #endif
| #ifdef HAVE_UNISTD_H
| # include <unistd.h>
| #endif
| #include <winsock2.h>
configure:12776: result: no
configure:12776: checking winsock2.h presence
configure:12776: gcc -E  conftest.c
conftest.c:45:22: error: winsock2.h: No such file or directory
configure:12776: $? = 1
configure: failed program was:
| /* confdefs.h */
| #define PACKAGE_NAME "libmicrohttpd"
| #define PACKAGE_TARNAME "libmicrohttpd"
| #define PACKAGE_VERSION "0.9.16"
| #define PACKAGE_STRING "libmicrohttpd 0.9.16"
| #define PACKAGE_BUGREPORT "libmicrohttpd@gnu.org"
| #define PACKAGE_URL ""
| #define PACKAGE "libmicrohttpd"
| #define VERSION "0.9.16"
| #define STDC_HEADERS 1
| #define HAVE_SYS_TYPES_H 1
| #define HAVE_SYS_STAT_H 1
| #define HAVE_STDLIB_H 1
| #define HAVE_STRING_H 1
| #define HAVE_MEMORY_H 1
| #define HAVE_STRINGS_H 1
| #define HAVE_INTTYPES_H 1
| #define HAVE_STDINT_H 1
| #define HAVE_UNISTD_H 1
| #define HAVE_DLFCN_H 1
| #define LT_OBJDIR ".libs/"
| #define OSX 1
| #define HAVE_FCNTL_H 1
| #define HAVE_MATH_H 1
| #define HAVE_ERRNO_H 1
| #define HAVE_LIMITS_H 1
| #define HAVE_STDIO_H 1
| #define HAVE_LOCALE_H 1
| #define HAVE_SYS_STAT_H 1
| #define HAVE_SYS_TYPES_H 1
| #define HAVE_PTHREAD_H 1
| #define HAVE_SYS_TYPES_H 1
| #define HAVE_SYS_TIME_H 1
| #define HAVE_SYS_MSG_H 1
| #define HAVE_NETDB_H 1
| #define HAVE_NETINET_IN_H 1
| #define HAVE_NETINET_TCP_H 1
| #define HAVE_TIME_H 1
| #define HAVE_SYS_SOCKET_H 1
| #define HAVE_SYS_MMAN_H 1
| #define HAVE_ARPA_INET_H 1
| #define HAVE_SYS_SELECT_H 1
| #define HAVE_POLL_H 1
| /* end confdefs.h.  */
| #include <winsock2.h>
configure:12776: result: no
configure:12776: checking for winsock2.h
configure:12776: result: no
configure:12776: checking ws2tcpip.h usability
configure:12776: gcc -c -no-cpp-precomp -fno-common -fno-strict-aliasing -arch i386  conftest.c >&5
conftest.c:78:22: error: ws2tcpip.h: No such file or directory
configure:12776: $? = 1
configure: failed program was:
| /* confdefs.h */
| #define PACKAGE_NAME "libmicrohttpd"
| #define PACKAGE_TARNAME "libmicrohttpd"
| #define PACKAGE_VERSION "0.9.16"
| #define PACKAGE_STRING "libmicrohttpd 0.9.16"
| #define PACKAGE_BUGREPORT "libmicrohttpd@gnu.org"
| #define PACKAGE_URL ""
| #define PACKAGE "libmicrohttpd"
| #define VERSION "0.9.16"
| #define STDC_HEADERS 1
| #define HAVE_SYS_TYPES_H 1
| #define HAVE_SYS_STAT_H 1
| #define HAVE_STDLIB_H 1
| #define HAVE_STRING_H 1
| #define HAVE_MEMORY_H 1
| #define HAVE_STRINGS_H 1
| #define HAVE_INTTYPES_H 1
| #define HAVE_STDINT_H 1
| #define HAVE_UNISTD_H 1
| #define HAVE_DLFCN_H 1
| #define LT_OBJDIR ".libs/"
| #define OSX 1
| #define HAVE_FCNTL_H 1
| #define HAVE_MATH_H 1
| #define HAVE_ERRNO_H 1
| #define HAVE_LIMITS_H 1
| #define HAVE_STDIO_H 1
| #define HAVE_LOCALE_H 1
| #define HAVE_SYS_STAT_H 1
| #define HAVE_SYS_TYPES_H 1
| #define HAVE_PTHREAD_H 1
| #define HAVE_SYS_TYPES_H 1
| #define HAVE_SYS_TIME_H 1
| #define HAVE_SYS_MSG_H 1
| #define HAVE_NETDB_H 1
| #define HAVE_NETINET_IN_H 1
| #define HAVE_NETINET_TCP_H 1
| #define HAVE_TIME_H 1
| #define HAVE_SYS_SOCKET_H 1
| #define HAVE_SYS_MMAN_H 1
| #define HAVE_ARPA_INET_H 1
| #define HAVE_SYS_SELECT_H 1
| #define HAVE_POLL_H 1
| /* end confdefs.h.  */
| #include <stdio.h>
| #ifdef HAVE_SYS_TYPES_H
| # include <sys/types.h>
| #endif
| #ifdef HAVE_SYS_STAT_H
| # include <sys/stat.h>
| #endif
| #ifdef STDC_HEADERS
| # include <stdlib.h>
| # include <stddef.h>
| #else
| # ifdef HAVE_STDLIB_H
| #  include <stdlib.h>
| # endif
| #endif
| #ifdef HAVE_STRING_H
| # if !defined STDC_HEADERS && defined HAVE_MEMORY_H
| #  include <memory.h>
| # endif
| # include <string.h>
| #endif
| #ifdef HAVE_STRINGS_H
| # include <strings.h>
| #endif
| #ifdef HAVE_INTTYPES_H
| # include <inttypes.h>
| #endif
| #ifdef HAVE_STDINT_H
| # include <stdint.h>
| #endif
| #ifdef HAVE_UNISTD_H
| # include <unistd.h>
| #endif
| #include <ws2tcpip.h>
configure:12776: result: no
configure:12776: checking ws2tcpip.h presence
configure:12776: gcc -E  conftest.c
conftest.c:45:22: error: ws2tcpip.h: No such file or directory
configure:12776: $? = 1
configure: failed program was:
| /* confdefs.h */
| #define PACKAGE_NAME "libmicrohttpd"
| #define PACKAGE_TARNAME "libmicrohttpd"
| #define PACKAGE_VERSION "0.9.16"
| #define PACKAGE_STRING "libmicrohttpd 0.9.16"
| #define PACKAGE_BUGREPORT "libmicrohttpd@gnu.org"
| #define PACKAGE_URL ""
| #define PACKAGE "libmicrohttpd"
| #define VERSION "0.9.16"
| #define STDC_HEADERS 1
| #define HAVE_SYS_TYPES_H 1
| #define HAVE_SYS_STAT_H 1
| #define HAVE_STDLIB_H 1
| #define HAVE_STRING_H 1
| #define HAVE_MEMORY_H 1
| #define HAVE_STRINGS_H 1
| #define HAVE_INTTYPES_H 1
| #define HAVE_STDINT_H 1
| #define HAVE_UNISTD_H 1
| #define HAVE_DLFCN_H 1
| #define LT_OBJDIR ".libs/"
| #define OSX 1
| #define HAVE_FCNTL_H 1
| #define HAVE_MATH_H 1
| #define HAVE_ERRNO_H 1
| #define HAVE_LIMITS_H 1
| #define HAVE_STDIO_H 1
| #define HAVE_LOCALE_H 1
| #define HAVE_SYS_STAT_H 1
| #define HAVE_SYS_TYPES_H 1
| #define HAVE_PTHREAD_H 1
| #define HAVE_SYS_TYPES_H 1
| #define HAVE_SYS_TIME_H 1
| #define HAVE_SYS_MSG_H 1
| #define HAVE_NETDB_H 1
| #define HAVE_NETINET_IN_H 1
| #define HAVE_NETINET_TCP_H 1
| #define HAVE_TIME_H 1
| #define HAVE_SYS_SOCKET_H 1
| #define HAVE_SYS_MMAN_H 1
| #define HAVE_ARPA_INET_H 1
| #define HAVE_SYS_SELECT_H 1
| #define HAVE_POLL_H 1
| /* end confdefs.h.  */
| #include <ws2tcpip.h>
configure:12776: result: no
configure:12776: checking for ws2tcpip.h
configure:12776: result: no
configure:12790: checking plibc.h usability
configure:12790: gcc -c -no-cpp-precomp -fno-common -fno-strict-aliasing -arch i386  conftest.c >&5
conftest.c:78:19: error: plibc.h: No such file or directory
configure:12790: $? = 1
configure: failed program was:
| /* confdefs.h */
| #define PACKAGE_NAME "libmicrohttpd"
| #define PACKAGE_TARNAME "libmicrohttpd"
| #define PACKAGE_VERSION "0.9.16"
| #define PACKAGE_STRING "libmicrohttpd 0.9.16"
| #define PACKAGE_BUGREPORT "libmicrohttpd@gnu.org"
| #define PACKAGE_URL ""
| #define PACKAGE "libmicrohttpd"
| #define VERSION "0.9.16"
| #define STDC_HEADERS 1
| #define HAVE_SYS_TYPES_H 1
| #define HAVE_SYS_STAT_H 1
| #define HAVE_STDLIB_H 1
| #define HAVE_STRING_H 1
| #define HAVE_MEMORY_H 1
| #define HAVE_STRINGS_H 1
| #define HAVE_INTTYPES_H 1
| #define HAVE_STDINT_H 1
| #define HAVE_UNISTD_H 1
| #define HAVE_DLFCN_H 1
| #define LT_OBJDIR ".libs/"
| #define OSX 1
| #define HAVE_FCNTL_H 1
| #define HAVE_MATH_H 1
| #define HAVE_ERRNO_H 1
| #define HAVE_LIMITS_H 1
| #define HAVE_STDIO_H 1
| #define HAVE_LOCALE_H 1
| #define HAVE_SYS_STAT_H 1
| #define HAVE_SYS_TYPES_H 1
| #define HAVE_PTHREAD_H 1
| #define HAVE_SYS_TYPES_H 1
| #define HAVE_SYS_TIME_H 1
| #define HAVE_SYS_MSG_H 1
| #define HAVE_NETDB_H 1
| #define HAVE_NETINET_IN_H 1
| #define HAVE_NETINET_TCP_H 1
| #define HAVE_TIME_H 1
| #define HAVE_SYS_SOCKET_H 1
| #define HAVE_SYS_MMAN_H 1
| #define HAVE_ARPA_INET_H 1
| #define HAVE_SYS_SELECT_H 1
| #define HAVE_POLL_H 1
| /* end confdefs.h.  */
| #include <stdio.h>
| #ifdef HAVE_SYS_TYPES_H
| # include <sys/types.h>
| #endif
| #ifdef HAVE_SYS_STAT_H
| # include <sys/stat.h>
| #endif
| #ifdef STDC_HEADERS
| # include <stdlib.h>
| # include <stddef.h>
| #else
| # ifdef HAVE_STDLIB_H
| #  include <stdlib.h>
| # endif
| #endif
| #ifdef HAVE_STRING_H
| # if !defined STDC_HEADERS && defined HAVE_MEMORY_H
| #  include <memory.h>
| # endif
| # include <string.h>
| #endif
| #ifdef HAVE_STRINGS_H
| # include <strings.h>
| #endif
| #ifdef HAVE_INTTYPES_H
| # include <inttypes.h>
| #endif
| #ifdef HAVE_STDINT_H
| # include <stdint.h>
| #endif
| #ifdef HAVE_UNISTD_H
| # include <unistd.h>
| #endif
| #include <plibc.h>
configure:12790: result: no
configure:12790: checking plibc.h presence
configure:12790: gcc -E  conftest.c
conftest.c:45:19: error: plibc.h: No such file or directory
configure:12790: $? = 1
configure: failed program was:
| /* confdefs.h */
| #define PACKAGE_NAME "libmicrohttpd"
| #define PACKAGE_TARNAME "libmicrohttpd"
| #define PACKAGE_VERSION "0.9.16"
| #define PACKAGE_STRING "libmicrohttpd 0.9.16"
| #define PACKAGE_BUGREPORT "libmicrohttpd@gnu.org"
| #define PACKAGE_URL ""
| #define PACKAGE "libmicrohttpd"
| #define VERSION "0.9.16"
| #define STDC_HEADERS 1
| #define HAVE_SYS_TYPES_H 1
| #define HAVE_SYS_STAT_H 1
| #define HAVE_STDLIB_H 1
| #define HAVE_STRING_H 1
| #define HAVE_MEMORY_H 1
| #define HAVE_STRINGS_H 1
| #define HAVE_INTTYPES_H 1
| #define HAVE_STDINT_H 1
| #define HAVE_UNISTD_H 1
| #define HAVE_DLFCN_H 1
| #define LT_OBJDIR ".libs/"
| #define OSX 1
| #define HAVE_FCNTL_H 1
| #define HAVE_MATH_H 1
| #define HAVE_ERRNO_H 1
| #define HAVE_LIMITS_H 1
| #define HAVE_STDIO_H 1
| #define HAVE_LOCALE_H 1
| #define HAVE_SYS_STAT_H 1
| #define HAVE_SYS_TYPES_H 1
| #define HAVE_PTHREAD_H 1
| #define HAVE_SYS_TYPES_H 1
| #define HAVE_SYS_TIME_H 1
| #define HAVE_SYS_MSG_H 1
| #define HAVE_NETDB_H 1
| #define HAVE_NETINET_IN_H 1
| #define HAVE_NETINET_TCP_H 1
| #define HAVE_TIME_H 1
| #define HAVE_SYS_SOCKET_H 1
| #define HAVE_SYS_MMAN_H 1
| #define HAVE_ARPA_INET_H 1
| #define HAVE_SYS_SELECT_H 1
| #define HAVE_POLL_H 1
| /* end confdefs.h.  */
| #include <plibc.h>
configure:12790: result: no
configure:12790: checking for plibc.h
configure:12790: result: no
configure:12813: checking for memmem
configure:12813: gcc -o conftest -no-cpp-precomp -fno-common -fno-strict-aliasing -arch i386   conftest.c   >&5
configure:12813: $? = 0
configure:12813: result: yes
configure:12824: checking for IPv6
configure:12856: gcc -c -no-cpp-precomp -fno-common -fno-strict-aliasing -arch i386  conftest.c >&5
configure:12856: $? = 0
configure:12868: result: yes
configure:12872: checking whether TCP_CORK is declared
configure:12872: gcc -c -no-cpp-precomp -fno-common -fno-strict-aliasing -arch i386  conftest.c >&5
conftest.c: In function 'main':
conftest.c:56: error: 'TCP_CORK' undeclared (first use in this function)
conftest.c:56: error: (Each undeclared identifier is reported only once
conftest.c:56: error: for each function it appears in.)
configure:12872: $? = 1
configure: failed program was:
| /* confdefs.h */
| #define PACKAGE_NAME "libmicrohttpd"
| #define PACKAGE_TARNAME "libmicrohttpd"
| #define PACKAGE_VERSION "0.9.16"
| #define PACKAGE_STRING "libmicrohttpd 0.9.16"
| #define PACKAGE_BUGREPORT "libmicrohttpd@gnu.org"
| #define PACKAGE_URL ""
| #define PACKAGE "libmicrohttpd"
| #define VERSION "0.9.16"
| #define STDC_HEADERS 1
| #define HAVE_SYS_TYPES_H 1
| #define HAVE_SYS_STAT_H 1
| #define HAVE_STDLIB_H 1
| #define HAVE_STRING_H 1
| #define HAVE_MEMORY_H 1
| #define HAVE_STRINGS_H 1
| #define HAVE_INTTYPES_H 1
| #define HAVE_STDINT_H 1
| #define HAVE_UNISTD_H 1
| #define HAVE_DLFCN_H 1
| #define LT_OBJDIR ".libs/"
| #define OSX 1
| #define HAVE_FCNTL_H 1
| #define HAVE_MATH_H 1
| #define HAVE_ERRNO_H 1
| #define HAVE_LIMITS_H 1
| #define HAVE_STDIO_H 1
| #define HAVE_LOCALE_H 1
| #define HAVE_SYS_STAT_H 1
| #define HAVE_SYS_TYPES_H 1
| #define HAVE_PTHREAD_H 1
| #define HAVE_SYS_TYPES_H 1
| #define HAVE_SYS_TIME_H 1
| #define HAVE_SYS_MSG_H 1
| #define HAVE_NETDB_H 1
| #define HAVE_NETINET_IN_H 1
| #define HAVE_NETINET_TCP_H 1
| #define HAVE_TIME_H 1
| #define HAVE_SYS_SOCKET_H 1
| #define HAVE_SYS_MMAN_H 1
| #define HAVE_ARPA_INET_H 1
| #define HAVE_SYS_SELECT_H 1
| #define HAVE_POLL_H 1
| #define HAVE_MEMMEM 1
| #define HAVE_INET6 1
| /* end confdefs.h.  */
| #include <netinet/tcp.h>
| 
| int
| main ()
| {
| #ifndef TCP_CORK
| #ifdef __cplusplus
|   (void) TCP_CORK;
| #else
|   (void) TCP_CORK;
| #endif
| #endif
| 
|   ;
|   return 0;
| }
configure:12872: result: no
configure:12886: checking whether TCP_NOPUSH is declared
configure:12886: gcc -c -no-cpp-precomp -fno-common -fno-strict-aliasing -arch i386  conftest.c >&5
configure:12886: $? = 0
configure:12886: result: yes
configure:12902: checking whether to use libcurl for testing
configure:12911: result: yes
configure:12951: checking for gawk
configure:12978: result: awk
configure:13040: checking for curl-config
configure:13058: found /opt/local/bin/curl-config
configure:13070: result: /opt/local/bin/curl-config
configure:13081: checking for the version of libcurl
configure:13088: result: 7.33.0
configure:13149: checking whether libcurl is usable
configure:13182: gcc -o conftest -no-cpp-precomp -fno-common -fno-strict-aliasing -arch i386 -I/opt/local/include   conftest.c -L/opt/local/lib -lcurl -lidn -lssl -lcrypto -lssl -lcrypto -lz   >&5
In file included from /opt/local/include/curl/curl.h:35,
                 from conftest.c:49:
/opt/local/include/curl/curlrules.h:143: error: size of array '__curl_rule_01__' is negative
/opt/local/include/curl/curlrules.h:153: error: size of array '__curl_rule_02__' is negative
configure:13182: $? = 1
configure: failed program was:
| /* confdefs.h */
| #define PACKAGE_NAME "libmicrohttpd"
| #define PACKAGE_TARNAME "libmicrohttpd"
| #define PACKAGE_VERSION "0.9.16"
| #define PACKAGE_STRING "libmicrohttpd 0.9.16"
| #define PACKAGE_BUGREPORT "libmicrohttpd@gnu.org"
| #define PACKAGE_URL ""
| #define PACKAGE "libmicrohttpd"
| #define VERSION "0.9.16"
| #define STDC_HEADERS 1
| #define HAVE_SYS_TYPES_H 1
| #define HAVE_SYS_STAT_H 1
| #define HAVE_STDLIB_H 1
| #define HAVE_STRING_H 1
| #define HAVE_MEMORY_H 1
| #define HAVE_STRINGS_H 1
| #define HAVE_INTTYPES_H 1
| #define HAVE_STDINT_H 1
| #define HAVE_UNISTD_H 1
| #define HAVE_DLFCN_H 1
| #define LT_OBJDIR ".libs/"
| #define OSX 1
| #define HAVE_FCNTL_H 1
| #define HAVE_MATH_H 1
| #define HAVE_ERRNO_H 1
| #define HAVE_LIMITS_H 1
| #define HAVE_STDIO_H 1
| #define HAVE_LOCALE_H 1
| #define HAVE_SYS_STAT_H 1
| #define HAVE_SYS_TYPES_H 1
| #define HAVE_PTHREAD_H 1
| #define HAVE_SYS_TYPES_H 1
| #define HAVE_SYS_TIME_H 1
| #define HAVE_SYS_MSG_H 1
| #define HAVE_NETDB_H 1
| #define HAVE_NETINET_IN_H 1
| #define HAVE_NETINET_TCP_H 1
| #define HAVE_TIME_H 1
| #define HAVE_SYS_SOCKET_H 1
| #define HAVE_SYS_MMAN_H 1
| #define HAVE_ARPA_INET_H 1
| #define HAVE_SYS_SELECT_H 1
| #define HAVE_POLL_H 1
| #define HAVE_MEMMEM 1
| #define HAVE_INET6 1
| #define HAVE_DECL_TCP_CORK 0
| #define HAVE_DECL_TCP_NOPUSH 1
| /* end confdefs.h.  */
| #include <curl/curl.h>
| int
| main ()
| {
| 
| /* Try and use a few common options to force a failure if we are
|    missing symbols or can't link. */
| int x;
| curl_easy_setopt(NULL,CURLOPT_URL,NULL);
| x=CURL_ERROR_SIZE;
| x=CURLOPT_WRITEFUNCTION;
| x=CURLOPT_FILE;
| x=CURLOPT_ERRORBUFFER;
| x=CURLOPT_STDERR;
| x=CURLOPT_VERBOSE;
| 
|   ;
|   return 0;
| }
configure:13196: result: no
configure:13333: checking for special C compiler options needed for large files
configure:13378: result: no
configure:13384: checking for _FILE_OFFSET_BITS value needed for large files
configure:13409: gcc -c -no-cpp-precomp -fno-common -fno-strict-aliasing -arch i386  conftest.c >&5
configure:13409: $? = 0
configure:13441: result: no
configure:13524: checking for _LARGEFILE_SOURCE value needed for large files
configure:13543: gcc -o conftest -no-cpp-precomp -fno-common -fno-strict-aliasing -arch i386   conftest.c   >&5
configure:13543: $? = 0
configure:13571: result: no
configure:13594: checking whether to generate error messages
configure:13603: result: yes
configure:13618: checking whether to enable postprocessor
configure:13627: result: 
configure:13642: checking for zzuf
configure:13670: result: 0
configure:13680: checking for socat
configure:13708: result: 0
configure:13751: checking for libgcrypt-config
configure:13769: found /opt/local/bin/libgcrypt-config
configure:13782: result: /opt/local/bin/libgcrypt-config
configure:13799: checking for LIBGCRYPT - version >= 1.2.2
configure:13833: result: yes (1.5.3)
configure:13882: checking for gnutls
configure:14004: result: --with-gnutls not specified
configure:14008: checking gnutls/gnutls.h usability
configure:14008: gcc -c -no-cpp-precomp -fno-common -fno-strict-aliasing -arch i386  conftest.c >&5
conftest.c:89:27: error: gnutls/gnutls.h: No such file or directory
configure:14008: $? = 1
configure: failed program was:
| /* confdefs.h */
| #define PACKAGE_NAME "libmicrohttpd"
| #define PACKAGE_TARNAME "libmicrohttpd"
| #define PACKAGE_VERSION "0.9.16"
| #define PACKAGE_STRING "libmicrohttpd 0.9.16"
| #define PACKAGE_BUGREPORT "libmicrohttpd@gnu.org"
| #define PACKAGE_URL ""
| #define PACKAGE "libmicrohttpd"
| #define VERSION "0.9.16"
| #define STDC_HEADERS 1
| #define HAVE_SYS_TYPES_H 1
| #define HAVE_SYS_STAT_H 1
| #define HAVE_STDLIB_H 1
| #define HAVE_STRING_H 1
| #define HAVE_MEMORY_H 1
| #define HAVE_STRINGS_H 1
| #define HAVE_INTTYPES_H 1
| #define HAVE_STDINT_H 1
| #define HAVE_UNISTD_H 1
| #define HAVE_DLFCN_H 1
| #define LT_OBJDIR ".libs/"
| #define OSX 1
| #define HAVE_FCNTL_H 1
| #define HAVE_MATH_H 1
| #define HAVE_ERRNO_H 1
| #define HAVE_LIMITS_H 1
| #define HAVE_STDIO_H 1
| #define HAVE_LOCALE_H 1
| #define HAVE_SYS_STAT_H 1
| #define HAVE_SYS_TYPES_H 1
| #define HAVE_PTHREAD_H 1
| #define HAVE_SYS_TYPES_H 1
| #define HAVE_SYS_TIME_H 1
| #define HAVE_SYS_MSG_H 1
| #define HAVE_NETDB_H 1
| #define HAVE_NETINET_IN_H 1
| #define HAVE_NETINET_TCP_H 1
| #define HAVE_TIME_H 1
| #define HAVE_SYS_SOCKET_H 1
| #define HAVE_SYS_MMAN_H 1
| #define HAVE_ARPA_INET_H 1
| #define HAVE_SYS_SELECT_H 1
| #define HAVE_POLL_H 1
| #define HAVE_MEMMEM 1
| #define HAVE_INET6 1
| #define HAVE_DECL_TCP_CORK 0
| #define HAVE_DECL_TCP_NOPUSH 1
| #define MHD_REQ_CURL_VERSION "7.16.4"
| #define MHD_REQ_CURL_OPENSSL_VERSION "0.9.8"
| #define MHD_REQ_CURL_GNUTLS_VERSION "2.8.6"
| #define MHD_REQ_CURL_NSS_VERSION "3.12.0"
| #define HAVE_FSEEKO 1
| #define HAVE_MESSAGES 1
| #define MHD_GCRYPT_VERSION "1:1.2.2"
| /* end confdefs.h.  */
| #include <stdio.h>
| #ifdef HAVE_SYS_TYPES_H
| # include <sys/types.h>
| #endif
| #ifdef HAVE_SYS_STAT_H
| # include <sys/stat.h>
| #endif
| #ifdef STDC_HEADERS
| # include <stdlib.h>
| # include <stddef.h>
| #else
| # ifdef HAVE_STDLIB_H
| #  include <stdlib.h>
| # endif
| #endif
| #ifdef HAVE_STRING_H
| # if !defined STDC_HEADERS && defined HAVE_MEMORY_H
| #  include <memory.h>
| # endif
| # include <string.h>
| #endif
| #ifdef HAVE_STRINGS_H
| # include <strings.h>
| #endif
| #ifdef HAVE_INTTYPES_H
| # include <inttypes.h>
| #endif
| #ifdef HAVE_STDINT_H
| # include <stdint.h>
| #endif
| #ifdef HAVE_UNISTD_H
| # include <unistd.h>
| #endif
| #include <gnutls/gnutls.h>
configure:14008: result: no
configure:14008: checking gnutls/gnutls.h presence
configure:14008: gcc -E  conftest.c
conftest.c:56:27: error: gnutls/gnutls.h: No such file or directory
configure:14008: $? = 1
configure: failed program was:
| /* confdefs.h */
| #define PACKAGE_NAME "libmicrohttpd"
| #define PACKAGE_TARNAME "libmicrohttpd"
| #define PACKAGE_VERSION "0.9.16"
| #define PACKAGE_STRING "libmicrohttpd 0.9.16"
| #define PACKAGE_BUGREPORT "libmicrohttpd@gnu.org"
| #define PACKAGE_URL ""
| #define PACKAGE "libmicrohttpd"
| #define VERSION "0.9.16"
| #define STDC_HEADERS 1
| #define HAVE_SYS_TYPES_H 1
| #define HAVE_SYS_STAT_H 1
| #define HAVE_STDLIB_H 1
| #define HAVE_STRING_H 1
| #define HAVE_MEMORY_H 1
| #define HAVE_STRINGS_H 1
| #define HAVE_INTTYPES_H 1
| #define HAVE_STDINT_H 1
| #define HAVE_UNISTD_H 1
| #define HAVE_DLFCN_H 1
| #define LT_OBJDIR ".libs/"
| #define OSX 1
| #define HAVE_FCNTL_H 1
| #define HAVE_MATH_H 1
| #define HAVE_ERRNO_H 1
| #define HAVE_LIMITS_H 1
| #define HAVE_STDIO_H 1
| #define HAVE_LOCALE_H 1
| #define HAVE_SYS_STAT_H 1
| #define HAVE_SYS_TYPES_H 1
| #define HAVE_PTHREAD_H 1
| #define HAVE_SYS_TYPES_H 1
| #define HAVE_SYS_TIME_H 1
| #define HAVE_SYS_MSG_H 1
| #define HAVE_NETDB_H 1
| #define HAVE_NETINET_IN_H 1
| #define HAVE_NETINET_TCP_H 1
| #define HAVE_TIME_H 1
| #define HAVE_SYS_SOCKET_H 1
| #define HAVE_SYS_MMAN_H 1
| #define HAVE_ARPA_INET_H 1
| #define HAVE_SYS_SELECT_H 1
| #define HAVE_POLL_H 1
| #define HAVE_MEMMEM 1
| #define HAVE_INET6 1
| #define HAVE_DECL_TCP_CORK 0
| #define HAVE_DECL_TCP_NOPUSH 1
| #define MHD_REQ_CURL_VERSION "7.16.4"
| #define MHD_REQ_CURL_OPENSSL_VERSION "0.9.8"
| #define MHD_REQ_CURL_GNUTLS_VERSION "2.8.6"
| #define MHD_REQ_CURL_NSS_VERSION "3.12.0"
| #define HAVE_FSEEKO 1
| #define HAVE_MESSAGES 1
| #define MHD_GCRYPT_VERSION "1:1.2.2"
| /* end confdefs.h.  */
| #include <gnutls/gnutls.h>
configure:14008: result: no
configure:14008: checking for gnutls/gnutls.h
configure:14008: result: no
configure:14076: checking whether to support HTTPS
configure:14105: result: no (lacking libgcrypt or libgnutls)
configure:14118: checking whether to support HTTP basic and digest authentication
configure:14138: result: yes
configure:14153: checking whether -export-symbols-regex works
configure:14165: result: yes
configure:14170: checking whether to compile with support for code coverage analysis
configure:14179: result: no
configure:14463: creating ./config.status

## ---------------------- ##
## Running config.status. ##
## ---------------------- ##

This file was extended by libmicrohttpd config.status 0.9.16, which was
generated by GNU Autoconf 2.68.  Invocation command line was

  CONFIG_FILES    = 
  CONFIG_HEADERS  = 
  CONFIG_LINKS    = 
  CONFIG_COMMANDS = 
  $ ./config.status 

on Thomass-MacBook-Pro.local

config.status:1188: creating libmicrohttpd.pc
config.status:1188: creating Makefile
config.status:1188: creating contrib/Makefile
config.status:1188: creating doc/Makefile
config.status:1188: creating m4/Makefile
config.status:1188: creating src/Makefile
config.status:1188: creating src/include/Makefile
config.status:1188: creating src/include/plibc/Makefile
config.status:1188: creating src/daemon/Makefile
config.status:1188: creating src/examples/Makefile
config.status:1188: creating src/testcurl/Makefile
config.status:1188: creating src/testcurl/https/Makefile
config.status:1188: creating src/testzzuf/Makefile
config.status:1188: creating MHD_config.h
config.status:1417: executing depfiles commands
config.status:1417: executing libtool commands
configure:16776: Configuration Summary:
  Operating System:  darwin13.0.0
  libgcrypt:         yes
  libcurl (testing): no, many unit tests will not run
  Target directory:  /usr/local
  Messages:          yes
  HTTP Authentic.:   yes
  Postproc:          yes
  HTTPS support:     no (lacking libgcrypt or libgnutls)

configure:16799:
  License         :  LGPL or eCos


## ---------------- ##
## Cache variables. ##
## ---------------- ##

ac_cv_build=x86_64-apple-darwin13.0.0
ac_cv_c_bigendian=no
ac_cv_c_compiler_gnu=yes
ac_cv_env_CC_set=
ac_cv_env_CC_value=
ac_cv_env_CFLAGS_set=set
ac_cv_env_CFLAGS_value='-arch i386'
ac_cv_env_CPPFLAGS_set=
ac_cv_env_CPPFLAGS_value=
ac_cv_env_CPP_set=
ac_cv_env_CPP_value=
ac_cv_env_LDFLAGS_set=
ac_cv_env_LDFLAGS_value=
ac_cv_env_LIBS_set=
ac_cv_env_LIBS_value=
ac_cv_env_build_alias_set=
ac_cv_env_build_alias_value=
ac_cv_env_host_alias_set=
ac_cv_env_host_alias_value=
ac_cv_env_target_alias_set=
ac_cv_env_target_alias_value=
ac_cv_func_memmem=yes
ac_cv_have_decl_TCP_CORK=no
ac_cv_have_decl_TCP_NOPUSH=yes
ac_cv_header_arpa_inet_h=yes
ac_cv_header_dlfcn_h=yes
ac_cv_header_errno_h=yes
ac_cv_header_fcntl_h=yes
ac_cv_header_gnutls_gnutls_h=no
ac_cv_header_inttypes_h=yes
ac_cv_header_limits_h=yes
ac_cv_header_locale_h=yes
ac_cv_header_math_h=yes
ac_cv_header_memory_h=yes
ac_cv_header_netdb_h=yes
ac_cv_header_netinet_in_h=yes
ac_cv_header_netinet_tcp_h=yes
ac_cv_header_plibc_h=no
ac_cv_header_poll_h=yes
ac_cv_header_pthread_h=yes
ac_cv_header_stdc=yes
ac_cv_header_stdint_h=yes
ac_cv_header_stdio_h=yes
ac_cv_header_stdlib_h=yes
ac_cv_header_string_h=yes
ac_cv_header_strings_h=yes
ac_cv_header_sys_mman_h=yes
ac_cv_header_sys_msg_h=yes
ac_cv_header_sys_select_h=yes
ac_cv_header_sys_socket_h=yes
ac_cv_header_sys_stat_h=yes
ac_cv_header_sys_time_h=yes
ac_cv_header_sys_types_h=yes
ac_cv_header_time_h=yes
ac_cv_header_unistd_h=yes
ac_cv_header_winsock2_h=no
ac_cv_header_ws2tcpip_h=no
ac_cv_host=x86_64-apple-darwin13.0.0
ac_cv_objext=o
ac_cv_path_EGREP='/usr/bin/grep -E'
ac_cv_path_FGREP='/usr/bin/grep -F'
ac_cv_path_GREP=/usr/bin/grep
ac_cv_path_LIBGCRYPT_CONFIG=/opt/local/bin/libgcrypt-config
ac_cv_path_SED=/opt/local/bin/gsed
ac_cv_path__libcurl_config=/opt/local/bin/curl-config
ac_cv_path_install='/usr/bin/install -c'
ac_cv_prog_AWK=awk
ac_cv_prog_CPP='gcc -E'
ac_cv_prog_HAVE_CURL_BINARY=true
ac_cv_prog_HAVE_SOCAT=0
ac_cv_prog_HAVE_ZZUF=0
ac_cv_prog_ac_ct_AR=ar
ac_cv_prog_ac_ct_CC=gcc
ac_cv_prog_ac_ct_DLLTOOL=dlltool
ac_cv_prog_ac_ct_DSYMUTIL=dsymutil
ac_cv_prog_ac_ct_LIPO=lipo
ac_cv_prog_ac_ct_NMEDIT=nmedit
ac_cv_prog_ac_ct_OBJDUMP=objdump
ac_cv_prog_ac_ct_OTOOL=otool
ac_cv_prog_ac_ct_RANLIB=ranlib
ac_cv_prog_ac_ct_STRIP=strip
ac_cv_prog_cc_c89=
ac_cv_prog_cc_g=yes
ac_cv_prog_cc_gcc_c_o=yes
ac_cv_prog_make_make_set=yes
ac_cv_sys_file_offset_bits=no
ac_cv_sys_largefile_CC=no
ac_cv_sys_largefile_source=no
am_cv_CC_dependencies_compiler_type=gcc3
gn_cv_export_symbols_regex_works=yes
libcurl_cv_lib_curl_usable=no
libcurl_cv_lib_curl_version=7.33.0
lt_cv_apple_cc_single_mod=yes
lt_cv_ar_at_file=no
lt_cv_deplibs_check_method=pass_all
lt_cv_file_magic_cmd='$MAGIC_CMD'
lt_cv_file_magic_test_file=
lt_cv_ld_exported_symbols_list=yes
lt_cv_ld_force_load=yes
lt_cv_ld_reload_flag=-r
lt_cv_nm_interface='BSD nm'
lt_cv_objdir=.libs
lt_cv_path_LD=/Applications/Xcode.app/Contents/Developer/usr/llvm-gcc-4.2/libexec/gcc/i686-apple-darwin11/4.2.1/ld
lt_cv_path_NM=/usr/bin/nm
lt_cv_path_mainfest_tool=no
lt_cv_prog_compiler_c_o=yes
lt_cv_prog_compiler_pic='-fno-common -DPIC'
lt_cv_prog_compiler_pic_works=yes
lt_cv_prog_compiler_rtti_exceptions=no
lt_cv_prog_compiler_static_works=no
lt_cv_prog_gnu_ld=no
lt_cv_sharedlib_from_linklib_cmd='printf %s\n'
lt_cv_sys_global_symbol_pipe='sed -n -e '\''s/^.*[	 ]\([BCDEGRST][BCDEGRST]*\)[	 ][	 ]*_\([_A-Za-z][_A-Za-z0-9]*\)$/\1 _\2 \2/p'\'' | sed '\''/ __gnu_lto/d'\'''
lt_cv_sys_global_symbol_to_c_name_address='sed -n -e '\''s/^: \([^ ]*\)[ ]*$/  {\"\1\", (void *) 0},/p'\'' -e '\''s/^[BCDEGRST]* \([^ ]*\) \([^ ]*\)$/  {"\2", (void *) \&\2},/p'\'''
lt_cv_sys_global_symbol_to_c_name_address_lib_prefix='sed -n -e '\''s/^: \([^ ]*\)[ ]*$/  {\"\1\", (void *) 0},/p'\'' -e '\''s/^[BCDEGRST]* \([^ ]*\) \(lib[^ ]*\)$/  {"\2", (void *) \&\2},/p'\'' -e '\''s/^[BCDEGRST]* \([^ ]*\) \([^ ]*\)$/  {"lib\2", (void *) \&\2},/p'\'''
lt_cv_sys_global_symbol_to_cdecl='sed -n -e '\''s/^T .* \(.*\)$/extern int \1();/p'\'' -e '\''s/^[BCDEGRST]* .* \(.*\)$/extern char \1;/p'\'''
lt_cv_sys_max_cmd_len=196608
lt_cv_to_host_file_cmd=func_convert_file_noop
lt_cv_to_tool_file_cmd=func_convert_file_noop

## ----------------- ##
## Output variables. ##
## ----------------- ##

ACLOCAL='${SHELL} /Users/coffy/Documents/ircam/git/AscoGraph/addons/ofxHttpServer/libs/libmicrohttpd-0.9.16/missing --run aclocal-1.11'
AMDEPBACKSLASH='\'
AMDEP_FALSE='#'
AMDEP_TRUE=''
AMTAR='${SHELL} /Users/coffy/Documents/ircam/git/AscoGraph/addons/ofxHttpServer/libs/libmicrohttpd-0.9.16/missing --run tar'
AR='ar'
AS='as'
AUTOCONF='${SHELL} /Users/coffy/Documents/ircam/git/AscoGraph/addons/ofxHttpServer/libs/libmicrohttpd-0.9.16/missing --run autoconf'
AUTOHEADER='${SHELL} /Users/coffy/Documents/ircam/git/AscoGraph/addons/ofxHttpServer/libs/libmicrohttpd-0.9.16/missing --run autoheader'
AUTOMAKE='${SHELL} /Users/coffy/Documents/ircam/git/AscoGraph/addons/ofxHttpServer/libs/libmicrohttpd-0.9.16/missing --run automake-1.11'
AWK='awk'
CC='gcc'
CCDEPMODE='depmode=gcc3'
CFLAGS='-no-cpp-precomp -fno-common -fno-strict-aliasing -arch i386'
CPP='gcc -E'
CPPFLAGS=''
CYGPATH_W='echo'
DEFS='-DHAVE_CONFIG_H'
DEPDIR='.deps'
DLLTOOL='dlltool'
DSYMUTIL='dsymutil'
DUMPBIN=''
ECHO_C='\c'
ECHO_N=''
ECHO_T=''
EGREP='/usr/bin/grep -E'
ENABLE_DAUTH_FALSE='#'
ENABLE_DAUTH_TRUE=''
ENABLE_HTTPS_FALSE=''
ENABLE_HTTPS_TRUE='#'
ENABLE_MINITASN1_FALSE='#'
ENABLE_MINITASN1_TRUE=''
ENABLE_OPENSSL_FALSE=''
ENABLE_OPENSSL_TRUE='#'
EXEEXT=''
EXT_LIBS=''
EXT_LIB_PATH=''
FGREP='/usr/bin/grep -F'
GREP='/usr/bin/grep'
HAVE_CURL_BINARY='true'
HAVE_CURL_BINARY_FALSE='#'
HAVE_CURL_BINARY_TRUE=''
HAVE_CURL_FALSE=''
HAVE_CURL_TRUE='#'
HAVE_GNUTLS_FALSE=''
HAVE_GNUTLS_TRUE='#'
HAVE_GNU_LD_FALSE=''
HAVE_GNU_LD_TRUE='#'
HAVE_LD_OUTPUT_DEF_FALSE=''
HAVE_LD_OUTPUT_DEF_TRUE='#'
HAVE_LD_VERSION_SCRIPT_FALSE=''
HAVE_LD_VERSION_SCRIPT_TRUE='#'
HAVE_POSTPROCESSOR_FALSE='#'
HAVE_POSTPROCESSOR_TRUE=''
HAVE_SOCAT='0'
HAVE_SOCAT_FALSE=''
HAVE_SOCAT_TRUE='#'
HAVE_W32_FALSE=''
HAVE_W32_TRUE='#'
HAVE_ZZUF='0'
HAVE_ZZUF_FALSE=''
HAVE_ZZUF_TRUE='#'
INSTALL_DATA='${INSTALL} -m 644'
INSTALL_PROGRAM='${INSTALL}'
INSTALL_SCRIPT='${INSTALL}'
INSTALL_STRIP_PROGRAM='$(install_sh) -c -s'
LD='/Applications/Xcode.app/Contents/Developer/usr/llvm-gcc-4.2/libexec/gcc/i686-apple-darwin11/4.2.1/ld'
LDFLAGS=''
LIBCURL=''
LIBCURL_CPPFLAGS=''
LIBGCRYPT_CFLAGS='-I/opt/local/include'
LIBGCRYPT_CONFIG='/opt/local/bin/libgcrypt-config'
LIBGCRYPT_LIBS='-L/opt/local/lib -lgcrypt -lgpg-error'
LIBOBJS=''
LIBS=' '
LIBTOOL='$(SHELL) $(top_builddir)/libtool'
LIB_VERSION_AGE='13'
LIB_VERSION_CURRENT='23'
LIB_VERSION_REVISION='0'
LIPO='lipo'
LN_S='ln -s'
LTLIBOBJS=''
MAKEINFO='${SHELL} /Users/coffy/Documents/ircam/git/AscoGraph/addons/ofxHttpServer/libs/libmicrohttpd-0.9.16/missing --run makeinfo'
MANIFEST_TOOL=':'
MHD_LIBDEPS=''
MHD_LIB_LDFLAGS='-export-dynamic -no-undefined'
MKDIR_P='./install-sh -c -d'
NM='/usr/bin/nm'
NMEDIT='nmedit'
OBJDUMP='objdump'
OBJEXT='o'
OTOOL64=':'
OTOOL='otool'
PACKAGE='libmicrohttpd'
PACKAGE_BUGREPORT='libmicrohttpd@gnu.org'
PACKAGE_NAME='libmicrohttpd'
PACKAGE_STRING='libmicrohttpd 0.9.16'
PACKAGE_TARNAME='libmicrohttpd'
PACKAGE_URL=''
PACKAGE_VERSION='0.9.16'
PATH_SEPARATOR=':'
PLIBC_CPPFLAGS=''
PLIBC_LDFLAGS=''
PLIBC_LIBS=''
PTHREAD_CPPFLAGS=''
PTHREAD_LDFLAGS=''
PTHREAD_LIBS=''
RANLIB='ranlib'
SED='/opt/local/bin/gsed'
SET_MAKE=''
SHELL='/bin/sh'
STRIP='strip'
USE_COVERAGE_FALSE=''
USE_COVERAGE_TRUE='#'
USE_PRIVATE_PLIBC_H_FALSE='#'
USE_PRIVATE_PLIBC_H_TRUE=''
VERSION='0.9.16'
_libcurl_config=''
ac_ct_AR='ar'
ac_ct_CC='gcc'
ac_ct_DUMPBIN=''
am__EXEEXT_FALSE=''
am__EXEEXT_TRUE='#'
am__fastdepCC_FALSE='#'
am__fastdepCC_TRUE=''
am__include='include'
am__isrc=''
am__leading_dot='.'
am__quote=''
am__tar='${AMTAR} chof - "$$tardir"'
am__untar='${AMTAR} xf -'
bindir='${exec_prefix}/bin'
build='x86_64-apple-darwin13.0.0'
build_alias=''
build_cpu='x86_64'
build_os='darwin13.0.0'
build_vendor='apple'
datadir='${datarootdir}'
datarootdir='${prefix}/share'
docdir='${datarootdir}/doc/${PACKAGE_TARNAME}'
dvidir='${docdir}'
exec_prefix='${prefix}'
host='x86_64-apple-darwin13.0.0'
host_alias=''
host_cpu='x86_64'
host_os='darwin13.0.0'
host_vendor='apple'
htmldir='${docdir}'
includedir='${prefix}/include'
infodir='${datarootdir}/info'
install_sh='${SHELL} /Users/coffy/Documents/ircam/git/AscoGraph/addons/ofxHttpServer/libs/libmicrohttpd-0.9.16/install-sh'
libdir='${exec_prefix}/lib'
libexecdir='${exec_prefix}/libexec'
localedir='${datarootdir}/locale'
localstatedir='${prefix}/var'
mandir='${datarootdir}/man'
mkdir_p='$(top_builddir)/./install-sh -c -d'
oldincludedir='/usr/include'
pdfdir='${docdir}'
prefix='/usr/local'
program_transform_name='s,x,x,'
psdir='${docdir}'
sbindir='${exec_prefix}/sbin'
sharedstatedir='${prefix}/com'
sysconfdir='${prefix}/etc'
target_alias=''

## ----------- ##
## confdefs.h. ##
## ----------- ##

/* confdefs.h */
#define PACKAGE_NAME "libmicrohttpd"
#define PACKAGE_TARNAME "libmicrohttpd"
#define PACKAGE_VERSION "0.9.16"
#define PACKAGE_STRING "libmicrohttpd 0.9.16"
#define PACKAGE_BUGREPORT "libmicrohttpd@gnu.org"
#define PACKAGE_URL ""
#define PACKAGE "libmicrohttpd"
#define VERSION "0.9.16"
#define STDC_HEADERS 1
#define HAVE_SYS_TYPES_H 1
#define HAVE_SYS_STAT_H 1
#define HAVE_STDLIB_H 1
#define HAVE_STRING_H 1
#define HAVE_MEMORY_H 1
#define HAVE_STRINGS_H 1
#define HAVE_INTTYPES_H 1
#define HAVE_STDINT_H 1
#define HAVE_UNISTD_H 1
#define HAVE_DLFCN_H 1
#define LT_OBJDIR ".libs/"
#define OSX 1
#define HAVE_FCNTL_H 1
#define HAVE_MATH_H 1
#define HAVE_ERRNO_H 1
#define HAVE_LIMITS_H 1
#define HAVE_STDIO_H 1
#define HAVE_LOCALE_H 1
#define HAVE_SYS_STAT_H 1
#define HAVE_SYS_TYPES_H 1
#define HAVE_PTHREAD_H 1
#define HAVE_SYS_TYPES_H 1
#define HAVE_SYS_TIME_H 1
#define HAVE_SYS_MSG_H 1
#define HAVE_NETDB_H 1
#define HAVE_NETINET_IN_H 1
#define HAVE_NETINET_TCP_H 1
#define HAVE_TIME_H 1
#define HAVE_SYS_SOCKET_H 1
#define HAVE_SYS_MMAN_H 1
#define HAVE_ARPA_INET_H 1
#define HAVE_SYS_SELECT_H 1
#define HAVE_POLL_H 1
#define HAVE_MEMMEM 1
#define HAVE_INET6 1
#define HAVE_DECL_TCP_CORK 0
#define HAVE_DECL_TCP_NOPUSH 1
#define MHD_REQ_CURL_VERSION "7.16.4"
#define MHD_REQ_CURL_OPENSSL_VERSION "0.9.8"
#define MHD_REQ_CURL_GNUTLS_VERSION "2.8.6"
#define MHD_REQ_CURL_NSS_VERSION "3.12.0"
#define HAVE_FSEEKO 1
#define HAVE_MESSAGES 1
#define MHD_GCRYPT_VERSION "1:1.2.2"
#define HAVE_GNUTLS 0
#define HTTPS_SUPPORT 0
#define DAUTH_SUPPORT 1

configure: exit 0
